<?xml version="1.0" encoding="UTF-8"?>
<testng-results ignored="0" total="3" passed="3" failed="0" skipped="0">
  <reporter-output>
  </reporter-output>
  <suite started-at="2021-04-06T21:29:06 IST" name="Default suite" finished-at="2021-04-06T21:29:10 IST" duration-ms="4155">
    <groups>
    </groups>
    <test started-at="2021-04-06T21:29:06 IST" name="Default test" finished-at="2021-04-06T21:29:10 IST" duration-ms="4155">
      <class name="tests.PutPatchandDeleteExamples">
        <test-method signature="testDelete()[pri:0, instance:tests.PutPatchandDeleteExamples@4df50bcc]" started-at="2021-04-06T21:29:06 IST" name="testDelete" finished-at="2021-04-06T21:29:08 IST" duration-ms="2555" status="PASS">
          <reporter-output>
          </reporter-output>
        </test-method> <!-- testDelete -->
        <test-method signature="testPatch()[pri:0, instance:tests.PutPatchandDeleteExamples@4df50bcc]" started-at="2021-04-06T21:29:08 IST" name="testPatch" finished-at="2021-04-06T21:29:09 IST" duration-ms="873" status="PASS">
          <reporter-output>
          </reporter-output>
        </test-method> <!-- testPatch -->
        <test-method signature="testPut()[pri:0, instance:tests.PutPatchandDeleteExamples@4df50bcc]" started-at="2021-04-06T21:29:09 IST" name="testPut" finished-at="2021-04-06T21:29:10 IST" duration-ms="686" status="PASS">
          <reporter-output>
          </reporter-output>
        </test-method> <!-- testPut -->
      </class> <!-- tests.PutPatchandDeleteExamples -->
    </test> <!-- Default test -->
  </suite> <!-- Default suite -->
</testng-results>
