<?xml version="1.0" encoding="UTF-8"?>
<!-- Generated by org.testng.reporters.JUnitXMLReporter -->
<testsuite ignored="0" hostname="BANLSREYASJ" failures="0" tests="3" name="Default test" time="4.155" errors="0" timestamp="2021-04-06T21:29:10 IST">
  <testcase classname="tests.PutPatchandDeleteExamples" name="testDelete" time="2.555"/>
  <testcase classname="tests.PutPatchandDeleteExamples" name="testPatch" time="0.873"/>
  <testcase classname="tests.PutPatchandDeleteExamples" name="testPut" time="0.686"/>
</testsuite> <!-- Default test -->
